<?xml version="1.0" encoding="UTF-8"?>
<!-- Generated by org.testng.reporters.JUnitXMLReporter -->
<testsuite ignored="0" hostname="AKASH" failures="0" tests="4" name="Default test" time="21.459" errors="0" timestamp="2021-04-20T08:23:09 IST">
  <testcase classname="kite_pom_pagefactory_testNG_systematic.Kite_test" name="verify_Id" time="1.047"/>
  <testcase classname="kite_pom_pagefactory_testNG_systematic.Kite_test" name="verify_Id" time="0.986"/>
  <testcase classname="kite_pom_pagefactory_testNG_systematic.Kite_test" name="verify_Id" time="0.955"/>
  <testcase classname="kite_pom_pagefactory_testNG_systematic.Kite_test" name="verify_Id" time="1.063"/>
</testsuite> <!-- Default test -->
