<?xml version="1.0" encoding="UTF-8"?>
<!-- Generated by org.testng.reporters.JUnitXMLReporter -->
<testsuite ignored="2" hostname="AKASH" failures="2" tests="5" name="Test" time="0.096" errors="0" timestamp="2021-03-31T20:59:53 IST">
  <testcase classname="failedTestNG.Sample1" name="m1" time="0.013"/>
  <testcase classname="failedTestNG.Sample1" name="m3" time="0.004">
    <failure type="java.lang.AssertionError" message="null">
      <![CDATA[java.lang.AssertionError: null
at failedTestNG.Sample1.m3(Sample1.java:24)
at java.base/java.util.ArrayList.forEach(ArrayList.java:1511)
... Removed 29 stack frames]]>
    </failure>
  </testcase> <!-- m3 -->
  <testcase classname="failedTestNG.Sample2" name="m4" time="0.002"/>
  <testcase classname="failedTestNG.Sample3" name="m6" time="0.001">
    <failure type="java.lang.AssertionError" message="null">
      <![CDATA[java.lang.AssertionError: null
at failedTestNG.Sample3.m6(Sample3.java:12)
at java.base/java.util.ArrayList.forEach(ArrayList.java:1511)
... Removed 29 stack frames]]>
    </failure>
  </testcase> <!-- m6 -->
  <testcase classname="failedTestNG.Sample3" name="m7" time="0.001"/>
  <testcase classname="failedTestNG.Sample1" name="m2" time="0.0">
    <ignored/>
  </testcase> <!-- m2 -->
  <testcase classname="failedTestNG.Sample2" name="m5" time="0.0">
    <ignored/>
  </testcase> <!-- m5 -->
</testsuite> <!-- Test -->
